Release 14.2 - ngc2edif P.28xd (nt64)
Copyright (c) 1995-2012 Xilinx, Inc.  All rights reserved.
Reading design pulse_generator.ngc ...
WARNING:NetListWriters:298 - No output is written to pulse_generator.xncf,
   ignored.
Processing design ...
   Preping design's networks ...
   Preping design's macros ...
  finished :Prep
Writing EDIF netlist file pulse_generator.edif ...
ngc2edif: Total memory usage is 79140 kilobytes

Release 14.2 - ngc2edif P.28xd (nt64)
Copyright (c) 1995-2012 Xilinx, Inc.  All rights reserved.
Reading design pulse_generator.ngc ...
WARNING:NetListWriters:298 - No output is written to pulse_generator.xncf,
   ignored.
Processing design ...
   Preping design's networks ...
   Preping design's macros ...
  finished :Prep
Writing EDIF netlist file pulse_generator.edif ...
ngc2edif: Total memory usage is 79460 kilobytes

