Command line:
   pulse_aggregator_isim_beh.exe
     -simmode  gui
     -simrunnum  0
     -socket  51400

Tue Nov 06 18:37:22 2012


 Elaboration Time: 0.0312 sec

 Current Memory Usage: 504.627 Meg

 Total Signals          : 37
 Total Nets             : 414
 Total Signal Drivers   : 17
 Total Blocks           : 7
 Total Primitive Blocks : 6
 Total Processes        : 15
 Total Traceable Variables  : 13
 Total Scalar Nets and Variables : 876
Total Line Count : 45

 Total Simulation Time: 0.0468 sec

 Current Memory Usage: 504.627 Meg

Tue Nov 06 18:37:26 2012

